<?xml version="1.0" encoding="UTF-8"?>
<!-- Generated by org.testng.reporters.JUnitXMLReporter -->
<testsuite hostname="LAPTOP-FN13OD31" ignored="0" name="Test" tests="2" failures="1" timestamp="25 Nov 2018 19:19:10 GMT" time="0.034" errors="0">
  <testcase name="a1" time="0.008" classname="package1.test1"/>
  <testcase name="a2" time="0.002" classname="package1.test1">
    <failure type="java.lang.AssertionError" message="null">
      <![CDATA[java.lang.AssertionError: null
at package1.test1.a2(test1.java:17)
... Removed 30 stack frames]]>
    </failure>
  </testcase> <!-- a2 -->
</testsuite> <!-- Test -->
